<?xml version="1.0" encoding="UTF-8"?>
<testsuite name="hello.test.org.gradle.PersonTest" tests="1" skipped="0" failures="0" errors="0" timestamp="2015-02-12T16:18:54" hostname="DGOP010" time="0.005">
  <properties/>
  <testcase name="canConstructAPersonWithAName" classname="hello.test.org.gradle.PersonTest" time="0.005"/>
  <system-out><![CDATA[]]></system-out>
  <system-err><![CDATA[]]></system-err>
</testsuite>
