<?xml version="1.0" encoding="UTF-8"?>
<testsuite name="com.me.start.spring.AppTest" time="0" tests="2" errors="0" skipped="0" failures="0">
  <properties>
    <property name="java.runtime.name" value="Java(TM) SE Runtime Environment"/>
    <property name="sun.boot.library.path" value="C:\Program Files (x86)\Java\jdk1.8.0_11\jre\bin"/>
    <property name="java.vm.version" value="25.11-b03"/>
    <property name="java.vm.vendor" value="Oracle Corporation"/>
    <property name="java.vendor.url" value="http://java.oracle.com/"/>
    <property name="path.separator" value=";"/>
    <property name="guice.disable.misplaced.annotation.check" value="true"/>
    <property name="java.vm.name" value="Java HotSpot(TM) Client VM"/>
    <property name="file.encoding.pkg" value="sun.io"/>
    <property name="user.script" value=""/>
    <property name="user.country" value="FR"/>
    <property name="sun.java.launcher" value="SUN_STANDARD"/>
    <property name="sun.os.patch.level" value="Service Pack 1"/>
    <property name="java.vm.specification.name" value="Java Virtual Machine Specification"/>
    <property name="user.dir" value="C:\Users\a.olivier\Desktop\mongoDB\Wk\Spring\spring"/>
    <property name="java.runtime.version" value="1.8.0_11-b12"/>
    <property name="java.awt.graphicsenv" value="sun.awt.Win32GraphicsEnvironment"/>
    <property name="java.endorsed.dirs" value="C:\Program Files (x86)\Java\jdk1.8.0_11\jre\lib\endorsed"/>
    <property name="os.arch" value="x86"/>
    <property name="java.io.tmpdir" value="C:\Users\A8846~1.OLI\AppData\Local\Temp\"/>
    <property name="line.separator" value="&#10;"/>
    <property name="java.vm.specification.vendor" value="Oracle Corporation"/>
    <property name="user.variant" value=""/>
    <property name="os.name" value="Windows 7"/>
    <property name="classworlds.conf" value="C:\Users\a.olivier\Desktop\mongoDB\Wk\Spring\.metadata\.plugins\org.eclipse.m2e.launching\launches\m2conf6331525389457812493.tmp"/>
    <property name="sun.jnu.encoding" value="Cp1252"/>
    <property name="java.library.path" value="C:\Program Files (x86)\Java\jdk1.8.0_11\bin;C:\Windows\Sun\Java\bin;C:\Windows\system32;C:\Windows;C:\Program Files\MongoDB 2.6 Standard\bin;C:\Windows\system32;C:\Windows;C:\Windows\System32\Wbem;C:\Windows\System32\WindowsPowerShell\v1.0\;C:\Program Files\TortoiseSVN\bin;C:\Program Files (x86)\Java\jdk1.8.0_11\bin;C:\Users\r.takoudjou\apache-maven-3.1.1\bin;C:\Program Files (x86)\nodejs\;C:\Program Files (x86)\IDM Computer Solutions\UltraEdit-32;C:\Users\a.olivier\AppData\Roaming\npm;."/>
    <property name="java.specification.name" value="Java Platform API Specification"/>
    <property name="java.class.version" value="52.0"/>
    <property name="sun.management.compiler" value="HotSpot Client Compiler"/>
    <property name="os.version" value="6.1"/>
    <property name="user.home" value="C:\Users\a.olivier"/>
    <property name="user.timezone" value="Europe/Paris"/>
    <property name="java.awt.printerjob" value="sun.awt.windows.WPrinterJob"/>
    <property name="java.specification.version" value="1.8"/>
    <property name="file.encoding" value="Cp1252"/>
    <property name="user.name" value="a.olivier"/>
    <property name="java.class.path" value="/C:/Users/a.olivier/Desktop/eclipse-jee-luna-R-win32-x86_64/eclipse/plugins/org.eclipse.m2e.maven.runtime_1.5.0.20140605-2032/jars/plexus-classworlds-2.5.1.jar"/>
    <property name="org.slf4j.simpleLogger.defaultLogLevel" value="debug"/>
    <property name="java.vm.specification.version" value="1.8"/>
    <property name="sun.arch.data.model" value="32"/>
    <property name="java.home" value="C:\Program Files (x86)\Java\jdk1.8.0_11\jre"/>
    <property name="sun.java.command" value="org.codehaus.plexus.classworlds.launcher.Launcher -B -X -e clean install"/>
    <property name="java.specification.vendor" value="Oracle Corporation"/>
    <property name="user.language" value="fr"/>
    <property name="awt.toolkit" value="sun.awt.windows.WToolkit"/>
    <property name="java.vm.info" value="mixed mode"/>
    <property name="java.version" value="1.8.0_11"/>
    <property name="java.ext.dirs" value="C:\Program Files (x86)\Java\jdk1.8.0_11\jre\lib\ext;C:\Windows\Sun\Java\lib\ext"/>
    <property name="sun.boot.class.path" value="C:\Program Files (x86)\Java\jdk1.8.0_11\jre\lib\resources.jar;C:\Program Files (x86)\Java\jdk1.8.0_11\jre\lib\rt.jar;C:\Program Files (x86)\Java\jdk1.8.0_11\jre\lib\sunrsasign.jar;C:\Program Files (x86)\Java\jdk1.8.0_11\jre\lib\jsse.jar;C:\Program Files (x86)\Java\jdk1.8.0_11\jre\lib\jce.jar;C:\Program Files (x86)\Java\jdk1.8.0_11\jre\lib\charsets.jar;C:\Program Files (x86)\Java\jdk1.8.0_11\jre\lib\jfr.jar;C:\Program Files (x86)\Java\jdk1.8.0_11\jre\classes"/>
    <property name="java.vendor" value="Oracle Corporation"/>
    <property name="maven.home" value="C:\Users\a.olivier\Desktop\mongoDB\Wk\Spring\spring\EMBEDDED"/>
    <property name="file.separator" value="\"/>
    <property name="java.vendor.url.bug" value="http://bugreport.sun.com/bugreport/"/>
    <property name="sun.cpu.endian" value="little"/>
    <property name="sun.io.unicode.encoding" value="UnicodeLittle"/>
    <property name="sun.desktop" value="windows"/>
    <property name="sun.cpu.isalist" value="pentium_pro+mmx pentium_pro pentium+mmx pentium i486 i386 i86"/>
  </properties>
  <testcase name="testApp" classname="com.me.start.spring.AppTest" time="0"/>
  <testcase name="testGreeting" classname="com.me.start.spring.AppTest" time="0"/>
</testsuite>